<?xml version="1.0" encoding="UTF-8"?>
<testng-results skipped="0" failed="0" ignored="0" total="1" passed="1">
  <reporter-output>
  </reporter-output>
  <suite name="Suite" duration-ms="17597" started-at="2017-06-24T07:59:26Z" finished-at="2017-06-24T07:59:44Z">
    <groups>
    </groups>
    <test name="Test1" duration-ms="17597" started-at="2017-06-24T07:59:26Z" finished-at="2017-06-24T07:59:44Z">
      <class name="com.mushishi.selenium.testCase.SuiteTestLogin">
        <test-method status="PASS" signature="beforeClass()[pri:0, instance:com.mushishi.selenium.testCase.SuiteTestLogin@77b52d12]" name="beforeClass" is-config="true" duration-ms="8959" started-at="2017-06-24T15:59:26Z" finished-at="2017-06-24T15:59:35Z">
          <reporter-output>
          </reporter-output>
        </test-method> <!-- beforeClass -->
        <test-method status="PASS" signature="testLogin()[pri:0, instance:com.mushishi.selenium.testCase.SuiteTestLogin@77b52d12]" name="testLogin" duration-ms="6445" started-at="2017-06-24T15:59:35Z" finished-at="2017-06-24T15:59:42Z">
          <reporter-output>
          </reporter-output>
        </test-method> <!-- testLogin -->
        <test-method status="PASS" signature="afterClass()[pri:0, instance:com.mushishi.selenium.testCase.SuiteTestLogin@77b52d12]" name="afterClass" is-config="true" duration-ms="2150" started-at="2017-06-24T15:59:42Z" finished-at="2017-06-24T15:59:44Z">
          <reporter-output>
          </reporter-output>
        </test-method> <!-- afterClass -->
      </class> <!-- com.mushishi.selenium.testCase.SuiteTestLogin -->
    </test> <!-- Test1 -->
  </suite> <!-- Suite -->
</testng-results>
